app/build/intermediates/manifest_merge_blame_file/release/manifest-merger-blame-release-report.txt
1<?xml version="1.0" encoding="utf-8"?>
2<manifest xmlns:android="http://schemas.android.com/apk/res/android"
3    package="com.ridho.resepku"
4    android:versionCode="1"
5    android:versionName="1.0" >
6
7    <uses-sdk
8        android:minSdkVersion="24"
9        android:targetSdkVersion="34" />
10
11    <permission
11-->[androidx.core:core:1.13.0] AndroidManifest.xml:22:5-24:47
12        android:name="com.ridho.resepku.DYNAMIC_RECEIVER_NOT_EXPORTED_PERMISSION"
12-->[androidx.core:core:1.13.0] AndroidManifest.xml:23:9-81
13        android:protectionLevel="signature" />
13-->[androidx.core:core:1.13.0] AndroidManifest.xml:24:9-44
14
15    <uses-permission android:name="com.ridho.resepku.DYNAMIC_RECEIVER_NOT_EXPORTED_PERMISSION" />
15-->[androidx.core:core:1.13.0] AndroidManifest.xml:26:5-97
15-->[androidx.core:core:1.13.0] AndroidManifest.xml:26:22-94
16
17    <application
17-->src\main\AndroidManifest.xml:5:5-53:19
18        android:allowBackup="true"
18-->src\main\AndroidManifest.xml:6:9-35
19        android:appComponentFactory="androidx.core.app.CoreComponentFactory"
19-->[androidx.core:core:1.13.0] AndroidManifest.xml:28:18-86
20        android:extractNativeLibs="false"
21        android:icon="@drawable/ic_app_logo"
21-->src\main\AndroidManifest.xml:7:9-45
22        android:label="@string/app_name"
22-->src\main\AndroidManifest.xml:8:9-41
23        android:roundIcon="@drawable/ic_app_logo"
23-->src\main\AndroidManifest.xml:9:9-50
24        android:supportsRtl="true"
24-->src\main\AndroidManifest.xml:10:9-35
25        android:theme="@style/Theme.ResepMakanan" >
25-->src\main\AndroidManifest.xml:11:9-50
26        <activity
26-->src\main\AndroidManifest.xml:13:9-22:20
27            android:name="com.ridho.resepku.SplashActivity"
27-->src\main\AndroidManifest.xml:14:13-43
28            android:exported="true"
28-->src\main\AndroidManifest.xml:15:13-36
29            android:screenOrientation="portrait"
29-->src\main\AndroidManifest.xml:17:13-49
30            android:theme="@style/Theme.ResepMakanan.NoActionBar" >
30-->src\main\AndroidManifest.xml:16:13-66
31            <intent-filter>
31-->src\main\AndroidManifest.xml:18:13-21:29
32                <action android:name="android.intent.action.MAIN" />
32-->src\main\AndroidManifest.xml:19:17-69
32-->src\main\AndroidManifest.xml:19:25-66
33
34                <category android:name="android.intent.category.LAUNCHER" />
34-->src\main\AndroidManifest.xml:20:17-77
34-->src\main\AndroidManifest.xml:20:27-74
35            </intent-filter>
36        </activity>
37        <activity
37-->src\main\AndroidManifest.xml:23:9-25:52
38            android:name="com.ridho.resepku.TeamActivity"
38-->src\main\AndroidManifest.xml:24:13-41
39            android:screenOrientation="portrait" />
39-->src\main\AndroidManifest.xml:25:13-49
40        <activity
40-->src\main\AndroidManifest.xml:26:9-28:52
41            android:name="com.ridho.resepku.MenuActivity"
41-->src\main\AndroidManifest.xml:27:13-41
42            android:screenOrientation="portrait" />
42-->src\main\AndroidManifest.xml:28:13-49
43        <activity
43-->src\main\AndroidManifest.xml:29:9-31:52
44            android:name="com.ridho.resepku.GudegActivity"
44-->src\main\AndroidManifest.xml:30:13-42
45            android:screenOrientation="portrait" />
45-->src\main\AndroidManifest.xml:31:13-49
46        <activity
46-->src\main\AndroidManifest.xml:32:9-34:52
47            android:name="com.ridho.resepku.BaksoActivity"
47-->src\main\AndroidManifest.xml:33:13-42
48            android:screenOrientation="portrait" />
48-->src\main\AndroidManifest.xml:34:13-49
49        <activity
49-->src\main\AndroidManifest.xml:35:9-37:52
50            android:name="com.ridho.resepku.TelurBaladoActivity"
50-->src\main\AndroidManifest.xml:36:13-48
51            android:screenOrientation="portrait" />
51-->src\main\AndroidManifest.xml:37:13-49
52        <activity
52-->src\main\AndroidManifest.xml:38:9-40:52
53            android:name="com.ridho.resepku.KleponActivity"
53-->src\main\AndroidManifest.xml:39:13-43
54            android:screenOrientation="portrait" />
54-->src\main\AndroidManifest.xml:40:13-49
55        <activity
55-->src\main\AndroidManifest.xml:41:9-43:52
56            android:name="com.ridho.resepku.SateBabiActivity"
56-->src\main\AndroidManifest.xml:42:13-45
57            android:screenOrientation="portrait" />
57-->src\main\AndroidManifest.xml:43:13-49
58        <activity
58-->src\main\AndroidManifest.xml:44:9-46:52
59            android:name="com.ridho.resepku.MieAyamActivity"
59-->src\main\AndroidManifest.xml:45:13-44
60            android:screenOrientation="portrait" />
60-->src\main\AndroidManifest.xml:46:13-49
61        <activity
61-->src\main\AndroidManifest.xml:47:9-49:52
62            android:name="com.ridho.resepku.RendangActivity"
62-->src\main\AndroidManifest.xml:48:13-44
63            android:screenOrientation="portrait" />
63-->src\main\AndroidManifest.xml:49:13-49
64        <activity
64-->src\main\AndroidManifest.xml:50:9-52:52
65            android:name="com.ridho.resepku.NasiGorengActivity"
65-->src\main\AndroidManifest.xml:51:13-47
66            android:screenOrientation="portrait" />
66-->src\main\AndroidManifest.xml:52:13-49
67
68        <provider
68-->[androidx.emoji2:emoji2:1.3.0] AndroidManifest.xml:24:9-32:20
69            android:name="androidx.startup.InitializationProvider"
69-->[androidx.emoji2:emoji2:1.3.0] AndroidManifest.xml:25:13-67
70            android:authorities="com.ridho.resepku.androidx-startup"
70-->[androidx.emoji2:emoji2:1.3.0] AndroidManifest.xml:26:13-68
71            android:exported="false" >
71-->[androidx.emoji2:emoji2:1.3.0] AndroidManifest.xml:27:13-37
72            <meta-data
72-->[androidx.emoji2:emoji2:1.3.0] AndroidManifest.xml:29:13-31:52
73                android:name="androidx.emoji2.text.EmojiCompatInitializer"
73-->[androidx.emoji2:emoji2:1.3.0] AndroidManifest.xml:30:17-75
74                android:value="androidx.startup" />
74-->[androidx.emoji2:emoji2:1.3.0] AndroidManifest.xml:31:17-49
75            <meta-data
75-->[androidx.lifecycle:lifecycle-process:2.6.2] AndroidManifest.xml:29:13-31:52
76                android:name="androidx.lifecycle.ProcessLifecycleInitializer"
76-->[androidx.lifecycle:lifecycle-process:2.6.2] AndroidManifest.xml:30:17-78
77                android:value="androidx.startup" />
77-->[androidx.lifecycle:lifecycle-process:2.6.2] AndroidManifest.xml:31:17-49
78            <meta-data
78-->[androidx.profileinstaller:profileinstaller:1.3.1] AndroidManifest.xml:29:13-31:52
79                android:name="androidx.profileinstaller.ProfileInstallerInitializer"
79-->[androidx.profileinstaller:profileinstaller:1.3.1] AndroidManifest.xml:30:17-85
80                android:value="androidx.startup" />
80-->[androidx.profileinstaller:profileinstaller:1.3.1] AndroidManifest.xml:31:17-49
81        </provider>
82
83        <receiver
83-->[androidx.profileinstaller:profileinstaller:1.3.1] AndroidManifest.xml:34:9-52:20
84            android:name="androidx.profileinstaller.ProfileInstallReceiver"
84-->[androidx.profileinstaller:profileinstaller:1.3.1] AndroidManifest.xml:35:13-76
85            android:directBootAware="false"
85-->[androidx.profileinstaller:profileinstaller:1.3.1] AndroidManifest.xml:36:13-44
86            android:enabled="true"
86-->[androidx.profileinstaller:profileinstaller:1.3.1] AndroidManifest.xml:37:13-35
87            android:exported="true"
87-->[androidx.profileinstaller:profileinstaller:1.3.1] AndroidManifest.xml:38:13-36
88            android:permission="android.permission.DUMP" >
88-->[androidx.profileinstaller:profileinstaller:1.3.1] AndroidManifest.xml:39:13-57
89            <intent-filter>
89-->[androidx.profileinstaller:profileinstaller:1.3.1] AndroidManifest.xml:40:13-42:29
90                <action android:name="androidx.profileinstaller.action.INSTALL_PROFILE" />
90-->[androidx.profileinstaller:profileinstaller:1.3.1] AndroidManifest.xml:41:17-91
90-->[androidx.profileinstaller:profileinstaller:1.3.1] AndroidManifest.xml:41:25-88
91            </intent-filter>
92            <intent-filter>
92-->[androidx.profileinstaller:profileinstaller:1.3.1] AndroidManifest.xml:43:13-45:29
93                <action android:name="androidx.profileinstaller.action.SKIP_FILE" />
93-->[androidx.profileinstaller:profileinstaller:1.3.1] AndroidManifest.xml:44:17-85
93-->[androidx.profileinstaller:profileinstaller:1.3.1] AndroidManifest.xml:44:25-82
94            </intent-filter>
95            <intent-filter>
95-->[androidx.profileinstaller:profileinstaller:1.3.1] AndroidManifest.xml:46:13-48:29
96                <action android:name="androidx.profileinstaller.action.SAVE_PROFILE" />
96-->[androidx.profileinstaller:profileinstaller:1.3.1] AndroidManifest.xml:47:17-88
96-->[androidx.profileinstaller:profileinstaller:1.3.1] AndroidManifest.xml:47:25-85
97            </intent-filter>
98            <intent-filter>
98-->[androidx.profileinstaller:profileinstaller:1.3.1] AndroidManifest.xml:49:13-51:29
99                <action android:name="androidx.profileinstaller.action.BENCHMARK_OPERATION" />
99-->[androidx.profileinstaller:profileinstaller:1.3.1] AndroidManifest.xml:50:17-95
99-->[androidx.profileinstaller:profileinstaller:1.3.1] AndroidManifest.xml:50:25-92
100            </intent-filter>
101        </receiver>
102    </application>
103
104</manifest>